{"name": "При создании нового заказа счётчик \"Выполнено за всё время\" увеличивается", "status": "broken", "statusDetails": {"message": "selenium.common.exceptions.TimeoutException: Message: Not find ('xpath', '(//p[contains(@class, \"OrderFeed_number\")])[1]')\nStacktrace:\n\tGetHandleVerifier [0x00A372A3+45731]\n\t(No symbol) [0x009C2D51]\n\t(No symbol) [0x008B880D]\n\t(No symbol) [0x008EB940]\n\t(No symbol) [0x008EBE0B]\n\t(No symbol) [0x0091D1F2]\n\t(No symbol) [0x00908024]\n\t(No symbol) [0x0091B7A2]\n\t(No symbol) [0x00907DD6]\n\t(No symbol) [0x008E31F6]\n\t(No symbol) [0x008E439D]\n\tGetHandleVerifier [0x00D40716+3229462]\n\tGetHandleVerifier [0x00D884C8+3523784]\n\tGetHandleVerifier [0x00D8214C+3498316]\n\tGetHandleVerifier [0x00AC1680+611968]\n\t(No symbol) [0x009CCCCC]\n\t(No symbol) [0x009C8DF8]\n\t(No symbol) [0x009C8F1D]\n\t(No symbol) [0x009BB2C7]\n\tBaseThreadInitThunk [0x75377BA9+25]\n\tRtlInitializeExceptionChain [0x76F0BD3B+107]\n\tRtlClearBits [0x76F0BCBF+191]", "trace": "self = <test_order_feed.TestOrderFeedPage object at 0x000002502019CF50>\ndriver = <selenium.webdriver.chrome.webdriver.WebDriver (session=\"86ea8fd38283354f1a1bd156651f8ded\")>\nlogin = <selenium.webdriver.chrome.webdriver.WebDriver (session=\"86ea8fd38283354f1a1bd156651f8ded\")>\n\n    @allure.title('При создании нового заказа счётчик \"Выполнено за всё время\" увеличивается')\n    def test_after_create_order_counter_orders_of_all_time_increases(self, driver, login):\n        main_page = MainPage(driver)\n        main_page.click_on_order_feed()\n        order_feed_page = OrderFeedPage(driver)\n>       counter_1 = order_feed_page.check_counter_orders_of_all_time()\n\ntest_order_feed.py:40: \n_ _ _ _ _ _ _ _ _ _ _ _ _ _ _ _ _ _ _ _ _ _ _ _ _ _ _ _ _ _ _ _ _ _ _ _ _ _ _ _\n..\\pages\\order_feed_page.py:23: in check_counter_orders_of_all_time\n    return self.find_element(Order.ORDER_ALL).text\n..\\pages\\base_page.py:18: in find_element\n    return WebDriverWait(self.driver, time).until(EC.visibility_of_element_located(locator), message=f'Not find {locator}')\n_ _ _ _ _ _ _ _ _ _ _ _ _ _ _ _ _ _ _ _ _ _ _ _ _ _ _ _ _ _ _ _ _ _ _ _ _ _ _ _\n\nself = <selenium.webdriver.support.wait.WebDriverWait (session=\"86ea8fd38283354f1a1bd156651f8ded\")>\nmethod = <function visibility_of_element_located.<locals>._predicate at 0x00000250205BC180>\nmessage = 'Not find (\\'xpath\\', \\'(//p[contains(@class, \"OrderFeed_number\")])[1]\\')'\n\n    def until(self, method: Callable[[WebDriver], Union[Literal[False], T]], message: str = \"\") -> T:\n        \"\"\"Calls the method provided with the driver as an argument until the \\\n        return value does not evaluate to ``False``.\n    \n        :param method: callable(WebDriver)\n        :param message: optional message for :exc:`TimeoutException`\n        :returns: the result of the last call to `method`\n        :raises: :exc:`selenium.common.exceptions.TimeoutException` if timeout occurs\n        \"\"\"\n        screen = None\n        stacktrace = None\n    \n        end_time = time.monotonic() + self._timeout\n        while True:\n            try:\n                value = method(self._driver)\n                if value:\n                    return value\n            except self._ignored_exceptions as exc:\n                screen = getattr(exc, \"screen\", None)\n                stacktrace = getattr(exc, \"stacktrace\", None)\n            time.sleep(self._poll)\n            if time.monotonic() > end_time:\n                break\n>       raise TimeoutException(message, screen, stacktrace)\nE       selenium.common.exceptions.TimeoutException: Message: Not find ('xpath', '(//p[contains(@class, \"OrderFeed_number\")])[1]')\nE       Stacktrace:\nE       \tGetHandleVerifier [0x00A372A3+45731]\nE       \t(No symbol) [0x009C2D51]\nE       \t(No symbol) [0x008B880D]\nE       \t(No symbol) [0x008EB940]\nE       \t(No symbol) [0x008EBE0B]\nE       \t(No symbol) [0x0091D1F2]\nE       \t(No symbol) [0x00908024]\nE       \t(No symbol) [0x0091B7A2]\nE       \t(No symbol) [0x00907DD6]\nE       \t(No symbol) [0x008E31F6]\nE       \t(No symbol) [0x008E439D]\nE       \tGetHandleVerifier [0x00D40716+3229462]\nE       \tGetHandleVerifier [0x00D884C8+3523784]\nE       \tGetHandleVerifier [0x00D8214C+3498316]\nE       \tGetHandleVerifier [0x00AC1680+611968]\nE       \t(No symbol) [0x009CCCCC]\nE       \t(No symbol) [0x009C8DF8]\nE       \t(No symbol) [0x009C8F1D]\nE       \t(No symbol) [0x009BB2C7]\nE       \tBaseThreadInitThunk [0x75377BA9+25]\nE       \tRtlInitializeExceptionChain [0x76F0BD3B+107]\nE       \tRtlClearBits [0x76F0BCBF+191]\n\n..\\venv\\Lib\\site-packages\\selenium\\webdriver\\support\\wait.py:101: TimeoutException"}, "steps": [{"name": "Нажимаем на Лента заказов", "status": "passed", "start": 1701866017693, "stop": 1701866017757}, {"name": "Проверяем счетчик заказов \"Выполнено за все время\"", "status": "broken", "statusDetails": {"message": "selenium.common.exceptions.TimeoutException: Message: Not find ('xpath', '(//p[contains(@class, \"OrderFeed_number\")])[1]')\nStacktrace:\n\tGetHandleVerifier [0x00A372A3+45731]\n\t(No symbol) [0x009C2D51]\n\t(No symbol) [0x008B880D]\n\t(No symbol) [0x008EB940]\n\t(No symbol) [0x008EBE0B]\n\t(No symbol) [0x0091D1F2]\n\t(No symbol) [0x00908024]\n\t(No symbol) [0x0091B7A2]\n\t(No symbol) [0x00907DD6]\n\t(No symbol) [0x008E31F6]\n\t(No symbol) [0x008E439D]\n\tGetHandleVerifier [0x00D40716+3229462]\n\tGetHandleVerifier [0x00D884C8+3523784]\n\tGetHandleVerifier [0x00D8214C+3498316]\n\tGetHandleVerifier [0x00AC1680+611968]\n\t(No symbol) [0x009CCCCC]\n\t(No symbol) [0x009C8DF8]\n\t(No symbol) [0x009C8F1D]\n\t(No symbol) [0x009BB2C7]\n\tBaseThreadInitThunk [0x75377BA9+25]\n\tRtlInitializeExceptionChain [0x76F0BD3B+107]\n\tRtlClearBits [0x76F0BCBF+191]\n\n", "trace": "  File \"C:\\Users\\polin\\PycharmProjects\\Diplom3\\venv\\Lib\\site-packages\\allure_commons\\_allure.py\", line 192, in impl\n    return func(*a, **kw)\n           ^^^^^^^^^^^^^^\n  File \"C:\\Users\\polin\\PycharmProjects\\Diplom3\\pages\\order_feed_page.py\", line 23, in check_counter_orders_of_all_time\n    return self.find_element(Order.ORDER_ALL).text\n           ^^^^^^^^^^^^^^^^^^^^^^^^^^^^^^^^^^\n  File \"C:\\Users\\polin\\PycharmProjects\\Diplom3\\pages\\base_page.py\", line 18, in find_element\n    return WebDriverWait(self.driver, time).until(EC.visibility_of_element_located(locator), message=f'Not find {locator}')\n           ^^^^^^^^^^^^^^^^^^^^^^^^^^^^^^^^^^^^^^^^^^^^^^^^^^^^^^^^^^^^^^^^^^^^^^^^^^^^^^^^^^^^^^^^^^^^^^^^^^^^^^^^^^^^^^^^\n  File \"C:\\Users\\polin\\PycharmProjects\\Diplom3\\venv\\Lib\\site-packages\\selenium\\webdriver\\support\\wait.py\", line 101, in until\n    raise TimeoutException(message, screen, stacktrace)\n"}, "start": 1701866017757, "stop": 1701866027800}], "parameters": [{"name": "driver", "value": "'chrome'"}], "start": 1701866017692, "stop": 1701866027803, "uuid": "2843409f-438e-45ce-b4c7-ca5801206bc8", "historyId": "cc2ab8d69e70af4f89bee8937dcf3b9f", "testCaseId": "bdcb41156516ecbc3dc953e2f5107c7f", "fullName": "test_order_feed.TestOrderFeedPage#test_after_create_order_counter_orders_of_all_time_increases", "labels": [{"name": "suite", "value": "test_order_feed"}, {"name": "subSuite", "value": "TestOrderFeedPage"}, {"name": "host", "value": "LAPTOP-6O4U7BT3"}, {"name": "thread", "value": "2484-MainThread"}, {"name": "framework", "value": "pytest"}, {"name": "language", "value": "cpython3"}, {"name": "package", "value": "test_order_feed"}]}