{"name": "Выход из аккаунта", "status": "broken", "statusDetails": {"message": "selenium.common.exceptions.TimeoutException: Message: Not find ('xpath', '//button[contains(text(),\"Выход\")]')\nStacktrace:\n\tGetHandleVerifier [0x00A372A3+45731]\n\t(No symbol) [0x009C2D51]\n\t(No symbol) [0x008B880D]\n\t(No symbol) [0x008EB940]\n\t(No symbol) [0x008EBE0B]\n\t(No symbol) [0x0091D1F2]\n\t(No symbol) [0x00908024]\n\t(No symbol) [0x0091B7A2]\n\t(No symbol) [0x00907DD6]\n\t(No symbol) [0x008E31F6]\n\t(No symbol) [0x008E439D]\n\tGetHandleVerifier [0x00D40716+3229462]\n\tGetHandleVerifier [0x00D884C8+3523784]\n\tGetHandleVerifier [0x00D8214C+3498316]\n\tGetHandleVerifier [0x00AC1680+611968]\n\t(No symbol) [0x009CCCCC]\n\t(No symbol) [0x009C8DF8]\n\t(No symbol) [0x009C8F1D]\n\t(No symbol) [0x009BB2C7]\n\tBaseThreadInitThunk [0x75377BA9+25]\n\tRtlInitializeExceptionChain [0x76F0BD3B+107]\n\tRtlClearBits [0x76F0BCBF+191]", "trace": "self = <test_personal_account.TestAccountProfilePage object at 0x00000250201AD750>\ndriver = <selenium.webdriver.chrome.webdriver.WebDriver (session=\"ffdf19b9484b8203ed6d8ae7c62d6e6e\")>\nlogin = <selenium.webdriver.chrome.webdriver.WebDriver (session=\"ffdf19b9484b8203ed6d8ae7c62d6e6e\")>\n\n    @allure.title('Выход из аккаунта')\n    def test_logout(self, driver, login):\n        main_page = MainPage(driver)\n        main_page.click_on_lk()\n        lk = LK(driver)\n>       lk.click_logout_button()\n\ntest_personal_account.py:29: \n_ _ _ _ _ _ _ _ _ _ _ _ _ _ _ _ _ _ _ _ _ _ _ _ _ _ _ _ _ _ _ _ _ _ _ _ _ _ _ _\n..\\pages\\personal_account_page.py:35: in click_logout_button\n    self.find_element(LK.EXIT).click()\n..\\pages\\base_page.py:18: in find_element\n    return WebDriverWait(self.driver, time).until(EC.visibility_of_element_located(locator), message=f'Not find {locator}')\n_ _ _ _ _ _ _ _ _ _ _ _ _ _ _ _ _ _ _ _ _ _ _ _ _ _ _ _ _ _ _ _ _ _ _ _ _ _ _ _\n\nself = <selenium.webdriver.support.wait.WebDriverWait (session=\"ffdf19b9484b8203ed6d8ae7c62d6e6e\")>\nmethod = <function visibility_of_element_located.<locals>._predicate at 0x00000250205BE700>\nmessage = 'Not find (\\'xpath\\', \\'//button[contains(text(),\"Выход\")]\\')'\n\n    def until(self, method: Callable[[WebDriver], Union[Literal[False], T]], message: str = \"\") -> T:\n        \"\"\"Calls the method provided with the driver as an argument until the \\\n        return value does not evaluate to ``False``.\n    \n        :param method: callable(WebDriver)\n        :param message: optional message for :exc:`TimeoutException`\n        :returns: the result of the last call to `method`\n        :raises: :exc:`selenium.common.exceptions.TimeoutException` if timeout occurs\n        \"\"\"\n        screen = None\n        stacktrace = None\n    \n        end_time = time.monotonic() + self._timeout\n        while True:\n            try:\n                value = method(self._driver)\n                if value:\n                    return value\n            except self._ignored_exceptions as exc:\n                screen = getattr(exc, \"screen\", None)\n                stacktrace = getattr(exc, \"stacktrace\", None)\n            time.sleep(self._poll)\n            if time.monotonic() > end_time:\n                break\n>       raise TimeoutException(message, screen, stacktrace)\nE       selenium.common.exceptions.TimeoutException: Message: Not find ('xpath', '//button[contains(text(),\"Выход\")]')\nE       Stacktrace:\nE       \tGetHandleVerifier [0x00A372A3+45731]\nE       \t(No symbol) [0x009C2D51]\nE       \t(No symbol) [0x008B880D]\nE       \t(No symbol) [0x008EB940]\nE       \t(No symbol) [0x008EBE0B]\nE       \t(No symbol) [0x0091D1F2]\nE       \t(No symbol) [0x00908024]\nE       \t(No symbol) [0x0091B7A2]\nE       \t(No symbol) [0x00907DD6]\nE       \t(No symbol) [0x008E31F6]\nE       \t(No symbol) [0x008E439D]\nE       \tGetHandleVerifier [0x00D40716+3229462]\nE       \tGetHandleVerifier [0x00D884C8+3523784]\nE       \tGetHandleVerifier [0x00D8214C+3498316]\nE       \tGetHandleVerifier [0x00AC1680+611968]\nE       \t(No symbol) [0x009CCCCC]\nE       \t(No symbol) [0x009C8DF8]\nE       \t(No symbol) [0x009C8F1D]\nE       \t(No symbol) [0x009BB2C7]\nE       \tBaseThreadInitThunk [0x75377BA9+25]\nE       \tRtlInitializeExceptionChain [0x76F0BD3B+107]\nE       \tRtlClearBits [0x76F0BCBF+191]\n\n..\\venv\\Lib\\site-packages\\selenium\\webdriver\\support\\wait.py:101: TimeoutException"}, "steps": [{"name": "Нажимаем на Личный кабинет", "status": "passed", "start": 1701866120712, "stop": 1701866120768}, {"name": "Кликнуть по кнопке \"Выход\"", "status": "broken", "statusDetails": {"message": "selenium.common.exceptions.TimeoutException: Message: Not find ('xpath', '//button[contains(text(),\"Выход\")]')\nStacktrace:\n\tGetHandleVerifier [0x00A372A3+45731]\n\t(No symbol) [0x009C2D51]\n\t(No symbol) [0x008B880D]\n\t(No symbol) [0x008EB940]\n\t(No symbol) [0x008EBE0B]\n\t(No symbol) [0x0091D1F2]\n\t(No symbol) [0x00908024]\n\t(No symbol) [0x0091B7A2]\n\t(No symbol) [0x00907DD6]\n\t(No symbol) [0x008E31F6]\n\t(No symbol) [0x008E439D]\n\tGetHandleVerifier [0x00D40716+3229462]\n\tGetHandleVerifier [0x00D884C8+3523784]\n\tGetHandleVerifier [0x00D8214C+3498316]\n\tGetHandleVerifier [0x00AC1680+611968]\n\t(No symbol) [0x009CCCCC]\n\t(No symbol) [0x009C8DF8]\n\t(No symbol) [0x009C8F1D]\n\t(No symbol) [0x009BB2C7]\n\tBaseThreadInitThunk [0x75377BA9+25]\n\tRtlInitializeExceptionChain [0x76F0BD3B+107]\n\tRtlClearBits [0x76F0BCBF+191]\n\n", "trace": "  File \"C:\\Users\\polin\\PycharmProjects\\Diplom3\\venv\\Lib\\site-packages\\allure_commons\\_allure.py\", line 192, in impl\n    return func(*a, **kw)\n           ^^^^^^^^^^^^^^\n  File \"C:\\Users\\polin\\PycharmProjects\\Diplom3\\pages\\personal_account_page.py\", line 35, in click_logout_button\n    self.find_element(LK.EXIT).click()\n    ^^^^^^^^^^^^^^^^^^^^^^^^^^\n  File \"C:\\Users\\polin\\PycharmProjects\\Diplom3\\pages\\base_page.py\", line 18, in find_element\n    return WebDriverWait(self.driver, time).until(EC.visibility_of_element_located(locator), message=f'Not find {locator}')\n           ^^^^^^^^^^^^^^^^^^^^^^^^^^^^^^^^^^^^^^^^^^^^^^^^^^^^^^^^^^^^^^^^^^^^^^^^^^^^^^^^^^^^^^^^^^^^^^^^^^^^^^^^^^^^^^^^\n  File \"C:\\Users\\polin\\PycharmProjects\\Diplom3\\venv\\Lib\\site-packages\\selenium\\webdriver\\support\\wait.py\", line 101, in until\n    raise TimeoutException(message, screen, stacktrace)\n"}, "start": 1701866120768, "stop": 1701866130846}], "parameters": [{"name": "driver", "value": "'chrome'"}], "start": 1701866120711, "stop": 1701866130846, "uuid": "20fd6963-3be1-4b2b-a78f-c8918942ac8c", "historyId": "1455b2d9e93185486cca98ec2b7f32f2", "testCaseId": "5133f9a78191a35f43ff27e7737d0767", "fullName": "test_personal_account.TestAccountProfilePage#test_logout", "labels": [{"name": "suite", "value": "test_personal_account"}, {"name": "subSuite", "value": "TestAccountProfilePage"}, {"name": "host", "value": "LAPTOP-6O4U7BT3"}, {"name": "thread", "value": "2484-MainThread"}, {"name": "framework", "value": "pytest"}, {"name": "language", "value": "cpython3"}, {"name": "package", "value": "test_personal_account"}]}