{"name": "После оформления заказа его номер появляется в разделе \"В работе\"", "status": "broken", "statusDetails": {"message": "selenium.common.exceptions.TimeoutException: Message: Not find ('class name', 'text text_type_digits-default mb-2')\nStacktrace:\n\tGetHandleVerifier [0x00C672A3+45731]\n\t(No symbol) [0x00BF2D51]\n\t(No symbol) [0x00AE880D]\n\t(No symbol) [0x00B1B940]\n\t(No symbol) [0x00B1BE0B]\n\t(No symbol) [0x00B4D1F2]\n\t(No symbol) [0x00B38024]\n\t(No symbol) [0x00B4B7A2]\n\t(No symbol) [0x00B37DD6]\n\t(No symbol) [0x00B131F6]\n\t(No symbol) [0x00B1439D]\n\tGetHandleVerifier [0x00F70716+3229462]\n\tGetHandleVerifier [0x00FB84C8+3523784]\n\tGetHandleVerifier [0x00FB214C+3498316]\n\tGetHandleVerifier [0x00CF1680+611968]\n\t(No symbol) [0x00BFCCCC]\n\t(No symbol) [0x00BF8DF8]\n\t(No symbol) [0x00BF8F1D]\n\t(No symbol) [0x00BEB2C7]\n\tBaseThreadInitThunk [0x75377BA9+25]\n\tRtlInitializeExceptionChain [0x76F0BD3B+107]\n\tRtlClearBits [0x76F0BCBF+191]", "trace": "self = <test_order_feed.TestOrderFeedPage object at 0x0000014ECFA8E9D0>\ndriver = <selenium.webdriver.chrome.webdriver.WebDriver (session=\"f376a4d7ee8cb3692e2a5b052470a909\")>\nlogin = <selenium.webdriver.chrome.webdriver.WebDriver (session=\"f376a4d7ee8cb3692e2a5b052470a909\")>\n\n    @allure.title('После оформления заказа его номер появляется в разделе \"В работе\"')\n    def test_after_create_order_number_order_to_in_work(self, driver, login):\n        main_page = MainPage(driver)\n        main_page.check_counter_ingredients()\n        main_page.drag_and_drop_on_element(locator_1=Main.FLUORESCENT_BUN, locator_2=Main.DRAG_HERE)\n        main_page.click_on_place_order()\n        order_number = main_page.check_order_number()\n        main_page.close_window()\n        main_page.click_on_order_feed()\n    \n>       assert str(order_number) in main_page.find_element(Order.IN_WORK).text\n\ntest_order_feed.py:75: \n_ _ _ _ _ _ _ _ _ _ _ _ _ _ _ _ _ _ _ _ _ _ _ _ _ _ _ _ _ _ _ _ _ _ _ _ _ _ _ _\n..\\pages\\base_page.py:18: in find_element\n    return WebDriverWait(self.driver, time).until(EC.visibility_of_element_located(locator), message=f'Not find {locator}')\n_ _ _ _ _ _ _ _ _ _ _ _ _ _ _ _ _ _ _ _ _ _ _ _ _ _ _ _ _ _ _ _ _ _ _ _ _ _ _ _\n\nself = <selenium.webdriver.support.wait.WebDriverWait (session=\"f376a4d7ee8cb3692e2a5b052470a909\")>\nmethod = <function visibility_of_element_located.<locals>._predicate at 0x0000014ECF472D40>\nmessage = \"Not find ('class name', 'text text_type_digits-default mb-2')\"\n\n    def until(self, method: Callable[[WebDriver], Union[Literal[False], T]], message: str = \"\") -> T:\n        \"\"\"Calls the method provided with the driver as an argument until the \\\n        return value does not evaluate to ``False``.\n    \n        :param method: callable(WebDriver)\n        :param message: optional message for :exc:`TimeoutException`\n        :returns: the result of the last call to `method`\n        :raises: :exc:`selenium.common.exceptions.TimeoutException` if timeout occurs\n        \"\"\"\n        screen = None\n        stacktrace = None\n    \n        end_time = time.monotonic() + self._timeout\n        while True:\n            try:\n                value = method(self._driver)\n                if value:\n                    return value\n            except self._ignored_exceptions as exc:\n                screen = getattr(exc, \"screen\", None)\n                stacktrace = getattr(exc, \"stacktrace\", None)\n            time.sleep(self._poll)\n            if time.monotonic() > end_time:\n                break\n>       raise TimeoutException(message, screen, stacktrace)\nE       selenium.common.exceptions.TimeoutException: Message: Not find ('class name', 'text text_type_digits-default mb-2')\nE       Stacktrace:\nE       \tGetHandleVerifier [0x00C672A3+45731]\nE       \t(No symbol) [0x00BF2D51]\nE       \t(No symbol) [0x00AE880D]\nE       \t(No symbol) [0x00B1B940]\nE       \t(No symbol) [0x00B1BE0B]\nE       \t(No symbol) [0x00B4D1F2]\nE       \t(No symbol) [0x00B38024]\nE       \t(No symbol) [0x00B4B7A2]\nE       \t(No symbol) [0x00B37DD6]\nE       \t(No symbol) [0x00B131F6]\nE       \t(No symbol) [0x00B1439D]\nE       \tGetHandleVerifier [0x00F70716+3229462]\nE       \tGetHandleVerifier [0x00FB84C8+3523784]\nE       \tGetHandleVerifier [0x00FB214C+3498316]\nE       \tGetHandleVerifier [0x00CF1680+611968]\nE       \t(No symbol) [0x00BFCCCC]\nE       \t(No symbol) [0x00BF8DF8]\nE       \t(No symbol) [0x00BF8F1D]\nE       \t(No symbol) [0x00BEB2C7]\nE       \tBaseThreadInitThunk [0x75377BA9+25]\nE       \tRtlInitializeExceptionChain [0x76F0BD3B+107]\nE       \tRtlClearBits [0x76F0BCBF+191]\n\n..\\venv\\Lib\\site-packages\\selenium\\webdriver\\support\\wait.py:101: TimeoutException"}, "steps": [{"name": "Проверяем счетчик ингредиента", "status": "passed", "start": 1701874450919, "stop": 1701874451584}, {"name": "Нажимаем на Оформить заказ", "status": "passed", "start": 1701874452246, "stop": 1701874452481}, {"name": "Проверяем номер заказа", "status": "passed", "start": 1701874452482, "stop": 1701874452626}, {"name": "Нажимаем на крестик", "status": "passed", "start": 1701874452627, "stop": 1701874453410}, {"name": "Нажимаем на Лента заказов", "status": "passed", "start": 1701874453410, "stop": 1701874453742}], "parameters": [{"name": "driver", "value": "'chrome'"}], "start": 1701874450919, "stop": 1701874464251, "uuid": "5ebbb257-b618-4b0d-853b-0e1a7f7abb95", "historyId": "cd07f71a801fd49c6ce3b83999350350", "testCaseId": "88802ab4da90558963ebeaa798f8ed24", "fullName": "test_order_feed.TestOrderFeedPage#test_after_create_order_number_order_to_in_work", "labels": [{"name": "suite", "value": "test_order_feed"}, {"name": "subSuite", "value": "TestOrderFeedPage"}, {"name": "host", "value": "LAPTOP-6O4U7BT3"}, {"name": "thread", "value": "8456-MainThread"}, {"name": "framework", "value": "pytest"}, {"name": "language", "value": "cpython3"}, {"name": "package", "value": "test_order_feed"}]}