{"name": "После оформления заказа его номер появляется в разделе \"В работе\"", "status": "broken", "statusDetails": {"message": "selenium.common.exceptions.TimeoutException: Message: Not find ('class name', 'text text_type_digits-default mb-2')\nStacktrace:\nRemoteError@chrome://remote/content/shared/RemoteError.sys.mjs:8:8\nWebDriverError@chrome://remote/content/shared/webdriver/Errors.sys.mjs:189:5\nNoSuchElementError@chrome://remote/content/shared/webdriver/Errors.sys.mjs:507:5\ndom.find/</<@chrome://remote/content/shared/DOM.sys.mjs:132:16", "trace": "self = <test_order_feed.TestOrderFeedPage object at 0x0000014ECFA8EC90>\ndriver = <selenium.webdriver.firefox.webdriver.WebDriver (session=\"8801ccb8-ad50-41e1-88f2-b40bc8e4b7d1\")>\nlogin = <selenium.webdriver.firefox.webdriver.WebDriver (session=\"8801ccb8-ad50-41e1-88f2-b40bc8e4b7d1\")>\n\n    @allure.title('После оформления заказа его номер появляется в разделе \"В работе\"')\n    def test_after_create_order_number_order_to_in_work(self, driver, login):\n        main_page = MainPage(driver)\n        main_page.check_counter_ingredients()\n        main_page.drag_and_drop_on_element(locator_1=Main.FLUORESCENT_BUN, locator_2=Main.DRAG_HERE)\n        main_page.click_on_place_order()\n        order_number = main_page.check_order_number()\n        main_page.close_window()\n        main_page.click_on_order_feed()\n    \n>       assert str(order_number) in main_page.find_element(Order.IN_WORK).text\n\ntest_order_feed.py:75: \n_ _ _ _ _ _ _ _ _ _ _ _ _ _ _ _ _ _ _ _ _ _ _ _ _ _ _ _ _ _ _ _ _ _ _ _ _ _ _ _\n..\\pages\\base_page.py:18: in find_element\n    return WebDriverWait(self.driver, time).until(EC.visibility_of_element_located(locator), message=f'Not find {locator}')\n_ _ _ _ _ _ _ _ _ _ _ _ _ _ _ _ _ _ _ _ _ _ _ _ _ _ _ _ _ _ _ _ _ _ _ _ _ _ _ _\n\nself = <selenium.webdriver.support.wait.WebDriverWait (session=\"8801ccb8-ad50-41e1-88f2-b40bc8e4b7d1\")>\nmethod = <function visibility_of_element_located.<locals>._predicate at 0x0000014ECFF340E0>\nmessage = \"Not find ('class name', 'text text_type_digits-default mb-2')\"\n\n    def until(self, method: Callable[[WebDriver], Union[Literal[False], T]], message: str = \"\") -> T:\n        \"\"\"Calls the method provided with the driver as an argument until the \\\n        return value does not evaluate to ``False``.\n    \n        :param method: callable(WebDriver)\n        :param message: optional message for :exc:`TimeoutException`\n        :returns: the result of the last call to `method`\n        :raises: :exc:`selenium.common.exceptions.TimeoutException` if timeout occurs\n        \"\"\"\n        screen = None\n        stacktrace = None\n    \n        end_time = time.monotonic() + self._timeout\n        while True:\n            try:\n                value = method(self._driver)\n                if value:\n                    return value\n            except self._ignored_exceptions as exc:\n                screen = getattr(exc, \"screen\", None)\n                stacktrace = getattr(exc, \"stacktrace\", None)\n            time.sleep(self._poll)\n            if time.monotonic() > end_time:\n                break\n>       raise TimeoutException(message, screen, stacktrace)\nE       selenium.common.exceptions.TimeoutException: Message: Not find ('class name', 'text text_type_digits-default mb-2')\nE       Stacktrace:\nE       RemoteError@chrome://remote/content/shared/RemoteError.sys.mjs:8:8\nE       WebDriverError@chrome://remote/content/shared/webdriver/Errors.sys.mjs:189:5\nE       NoSuchElementError@chrome://remote/content/shared/webdriver/Errors.sys.mjs:507:5\nE       dom.find/</<@chrome://remote/content/shared/DOM.sys.mjs:132:16\n\n..\\venv\\Lib\\site-packages\\selenium\\webdriver\\support\\wait.py:101: TimeoutException"}, "steps": [{"name": "Проверяем счетчик ингредиента", "status": "passed", "start": 1701874477803, "stop": 1701874477849}, {"name": "Нажимаем на Оформить заказ", "status": "passed", "start": 1701874478505, "stop": 1701874478816}, {"name": "Проверяем номер заказа", "status": "passed", "start": 1701874478817, "stop": 1701874478914}, {"name": "Нажимаем на крестик", "status": "passed", "start": 1701874478914, "stop": 1701874479171}, {"name": "Нажимаем на Лента заказов", "status": "passed", "start": 1701874479171, "stop": 1701874479457}], "parameters": [{"name": "driver", "value": "'firefox'"}], "start": 1701874477803, "stop": 1701874489666, "uuid": "21f057ec-c6b6-4673-9d69-cb0ed53fa223", "historyId": "4c50f30171f22e145efb69047fd64b55", "testCaseId": "88802ab4da90558963ebeaa798f8ed24", "fullName": "test_order_feed.TestOrderFeedPage#test_after_create_order_number_order_to_in_work", "labels": [{"name": "suite", "value": "test_order_feed"}, {"name": "subSuite", "value": "TestOrderFeedPage"}, {"name": "host", "value": "LAPTOP-6O4U7BT3"}, {"name": "thread", "value": "8456-MainThread"}, {"name": "framework", "value": "pytest"}, {"name": "language", "value": "cpython3"}, {"name": "package", "value": "test_order_feed"}]}