{"name": "После оформления заказа его номер появляется в разделе \"В работе\"", "status": "broken", "statusDetails": {"message": "selenium.common.exceptions.TimeoutException: Message: Not find ('class name', 'text text_type_digits-default mb-2')\nStacktrace:\n\tGetHandleVerifier [0x00A372A3+45731]\n\t(No symbol) [0x009C2D51]\n\t(No symbol) [0x008B880D]\n\t(No symbol) [0x008EB940]\n\t(No symbol) [0x008EBE0B]\n\t(No symbol) [0x0091D1F2]\n\t(No symbol) [0x00908024]\n\t(No symbol) [0x0091B7A2]\n\t(No symbol) [0x00907DD6]\n\t(No symbol) [0x008E31F6]\n\t(No symbol) [0x008E439D]\n\tGetHandleVerifier [0x00D40716+3229462]\n\tGetHandleVerifier [0x00D884C8+3523784]\n\tGetHandleVerifier [0x00D8214C+3498316]\n\tGetHandleVerifier [0x00AC1680+611968]\n\t(No symbol) [0x009CCCCC]\n\t(No symbol) [0x009C8DF8]\n\t(No symbol) [0x009C8F1D]\n\t(No symbol) [0x009BB2C7]\n\tBaseThreadInitThunk [0x75377BA9+25]\n\tRtlInitializeExceptionChain [0x76F0BD3B+107]\n\tRtlClearBits [0x76F0BCBF+191]", "trace": "self = <test_order_feed.TestOrderFeedPage object at 0x000002502019ECD0>\ndriver = <selenium.webdriver.chrome.webdriver.WebDriver (session=\"d19f862d53d55fa476e81c8740e40853\")>\nlogin = <selenium.webdriver.chrome.webdriver.WebDriver (session=\"d19f862d53d55fa476e81c8740e40853\")>\n\n    @allure.title('После оформления заказа его номер появляется в разделе \"В работе\"')\n    def test_after_create_order_number_order_to_in_work(self, driver, login):\n        main_page = MainPage(driver)\n        main_page.check_counter_ingredients()\n        main_page.drag_and_drop_on_element(locator_1=Main.FLUORESCENT_BUN, locator_2=Main.DRAG_HERE)\n        main_page.click_on_place_order()\n        order_number = main_page.check_order_number()\n        main_page.close_window()\n        main_page.click_on_order_feed()\n    \n>       assert str(order_number) in main_page.find_element(Order.IN_WORK).text\n\ntest_order_feed.py:75: \n_ _ _ _ _ _ _ _ _ _ _ _ _ _ _ _ _ _ _ _ _ _ _ _ _ _ _ _ _ _ _ _ _ _ _ _ _ _ _ _\n..\\pages\\base_page.py:18: in find_element\n    return WebDriverWait(self.driver, time).until(EC.visibility_of_element_located(locator), message=f'Not find {locator}')\n_ _ _ _ _ _ _ _ _ _ _ _ _ _ _ _ _ _ _ _ _ _ _ _ _ _ _ _ _ _ _ _ _ _ _ _ _ _ _ _\n\nself = <selenium.webdriver.support.wait.WebDriverWait (session=\"d19f862d53d55fa476e81c8740e40853\")>\nmethod = <function visibility_of_element_located.<locals>._predicate at 0x00000250205BDE40>\nmessage = \"Not find ('class name', 'text text_type_digits-default mb-2')\"\n\n    def until(self, method: Callable[[WebDriver], Union[Literal[False], T]], message: str = \"\") -> T:\n        \"\"\"Calls the method provided with the driver as an argument until the \\\n        return value does not evaluate to ``False``.\n    \n        :param method: callable(WebDriver)\n        :param message: optional message for :exc:`TimeoutException`\n        :returns: the result of the last call to `method`\n        :raises: :exc:`selenium.common.exceptions.TimeoutException` if timeout occurs\n        \"\"\"\n        screen = None\n        stacktrace = None\n    \n        end_time = time.monotonic() + self._timeout\n        while True:\n            try:\n                value = method(self._driver)\n                if value:\n                    return value\n            except self._ignored_exceptions as exc:\n                screen = getattr(exc, \"screen\", None)\n                stacktrace = getattr(exc, \"stacktrace\", None)\n            time.sleep(self._poll)\n            if time.monotonic() > end_time:\n                break\n>       raise TimeoutException(message, screen, stacktrace)\nE       selenium.common.exceptions.TimeoutException: Message: Not find ('class name', 'text text_type_digits-default mb-2')\nE       Stacktrace:\nE       \tGetHandleVerifier [0x00A372A3+45731]\nE       \t(No symbol) [0x009C2D51]\nE       \t(No symbol) [0x008B880D]\nE       \t(No symbol) [0x008EB940]\nE       \t(No symbol) [0x008EBE0B]\nE       \t(No symbol) [0x0091D1F2]\nE       \t(No symbol) [0x00908024]\nE       \t(No symbol) [0x0091B7A2]\nE       \t(No symbol) [0x00907DD6]\nE       \t(No symbol) [0x008E31F6]\nE       \t(No symbol) [0x008E439D]\nE       \tGetHandleVerifier [0x00D40716+3229462]\nE       \tGetHandleVerifier [0x00D884C8+3523784]\nE       \tGetHandleVerifier [0x00D8214C+3498316]\nE       \tGetHandleVerifier [0x00AC1680+611968]\nE       \t(No symbol) [0x009CCCCC]\nE       \t(No symbol) [0x009C8DF8]\nE       \t(No symbol) [0x009C8F1D]\nE       \t(No symbol) [0x009BB2C7]\nE       \tBaseThreadInitThunk [0x75377BA9+25]\nE       \tRtlInitializeExceptionChain [0x76F0BD3B+107]\nE       \tRtlClearBits [0x76F0BCBF+191]\n\n..\\venv\\Lib\\site-packages\\selenium\\webdriver\\support\\wait.py:101: TimeoutException"}, "steps": [{"name": "Проверяем счетчик ингредиента", "status": "passed", "start": 1701866057150, "stop": 1701866057839}, {"name": "Нажимаем на Оформить заказ", "status": "passed", "start": 1701866067524, "stop": 1701866067623}, {"name": "Проверяем номер заказа", "status": "passed", "start": 1701866067623, "stop": 1701866067666}, {"name": "Нажимаем на крестик", "status": "passed", "start": 1701866067666, "stop": 1701866068433}, {"name": "Нажимаем на Лента заказов", "status": "passed", "start": 1701866068433, "stop": 1701866068712}], "parameters": [{"name": "driver", "value": "'chrome'"}], "start": 1701866057150, "stop": 1701866079162, "uuid": "4dbc97df-7e31-4dbc-bdfd-f17a8cadbcee", "historyId": "cd07f71a801fd49c6ce3b83999350350", "testCaseId": "88802ab4da90558963ebeaa798f8ed24", "fullName": "test_order_feed.TestOrderFeedPage#test_after_create_order_number_order_to_in_work", "labels": [{"name": "suite", "value": "test_order_feed"}, {"name": "subSuite", "value": "TestOrderFeedPage"}, {"name": "host", "value": "LAPTOP-6O4U7BT3"}, {"name": "thread", "value": "2484-MainThread"}, {"name": "framework", "value": "pytest"}, {"name": "language", "value": "cpython3"}, {"name": "package", "value": "test_order_feed"}]}