{"name": "test_go_to_personal_account[chrome]", "status": "broken", "statusDetails": {"message": "selenium.common.exceptions.TimeoutException: Message: Not find ('xpath', '//button[contains(text(),\"Выход\")]')\nStacktrace:\n\tGetHandleVerifier [0x00C672A3+45731]\n\t(No symbol) [0x00BF2D51]\n\t(No symbol) [0x00AE880D]\n\t(No symbol) [0x00B1B940]\n\t(No symbol) [0x00B1BE0B]\n\t(No symbol) [0x00B4D1F2]\n\t(No symbol) [0x00B38024]\n\t(No symbol) [0x00B4B7A2]\n\t(No symbol) [0x00B37DD6]\n\t(No symbol) [0x00B131F6]\n\t(No symbol) [0x00B1439D]\n\tGetHandleVerifier [0x00F70716+3229462]\n\tGetHandleVerifier [0x00FB84C8+3523784]\n\tGetHandleVerifier [0x00FB214C+3498316]\n\tGetHandleVerifier [0x00CF1680+611968]\n\t(No symbol) [0x00BFCCCC]\n\t(No symbol) [0x00BF8DF8]\n\t(No symbol) [0x00BF8F1D]\n\t(No symbol) [0x00BEB2C7]\n\tBaseThreadInitThunk [0x75377BA9+25]\n\tRtlInitializeExceptionChain [0x76F0BD3B+107]\n\tRtlClearBits [0x76F0BCBF+191]", "trace": "self = <test_personal_account.TestAccountProfilePage object at 0x0000014ECFA8FE10>\ndriver = <selenium.webdriver.chrome.webdriver.WebDriver (session=\"56be58e40664f397d83beed3d940e894\")>\nlogin = <selenium.webdriver.chrome.webdriver.WebDriver (session=\"56be58e40664f397d83beed3d940e894\")>\n\n    def test_go_to_personal_account(self, driver, login):\n        main_page = MainPage(driver)\n        main_page.click_on_lk()\n    \n>       assert main_page.find_element(LK_locators.EXIT).text == 'Выход'\n\ntest_personal_account.py:13: \n_ _ _ _ _ _ _ _ _ _ _ _ _ _ _ _ _ _ _ _ _ _ _ _ _ _ _ _ _ _ _ _ _ _ _ _ _ _ _ _\n..\\pages\\base_page.py:18: in find_element\n    return WebDriverWait(self.driver, time).until(EC.visibility_of_element_located(locator), message=f'Not find {locator}')\n_ _ _ _ _ _ _ _ _ _ _ _ _ _ _ _ _ _ _ _ _ _ _ _ _ _ _ _ _ _ _ _ _ _ _ _ _ _ _ _\n\nself = <selenium.webdriver.support.wait.WebDriverWait (session=\"56be58e40664f397d83beed3d940e894\")>\nmethod = <function visibility_of_element_located.<locals>._predicate at 0x0000014ECFF36E80>\nmessage = 'Not find (\\'xpath\\', \\'//button[contains(text(),\"Выход\")]\\')'\n\n    def until(self, method: Callable[[WebDriver], Union[Literal[False], T]], message: str = \"\") -> T:\n        \"\"\"Calls the method provided with the driver as an argument until the \\\n        return value does not evaluate to ``False``.\n    \n        :param method: callable(WebDriver)\n        :param message: optional message for :exc:`TimeoutException`\n        :returns: the result of the last call to `method`\n        :raises: :exc:`selenium.common.exceptions.TimeoutException` if timeout occurs\n        \"\"\"\n        screen = None\n        stacktrace = None\n    \n        end_time = time.monotonic() + self._timeout\n        while True:\n            try:\n                value = method(self._driver)\n                if value:\n                    return value\n            except self._ignored_exceptions as exc:\n                screen = getattr(exc, \"screen\", None)\n                stacktrace = getattr(exc, \"stacktrace\", None)\n            time.sleep(self._poll)\n            if time.monotonic() > end_time:\n                break\n>       raise TimeoutException(message, screen, stacktrace)\nE       selenium.common.exceptions.TimeoutException: Message: Not find ('xpath', '//button[contains(text(),\"Выход\")]')\nE       Stacktrace:\nE       \tGetHandleVerifier [0x00C672A3+45731]\nE       \t(No symbol) [0x00BF2D51]\nE       \t(No symbol) [0x00AE880D]\nE       \t(No symbol) [0x00B1B940]\nE       \t(No symbol) [0x00B1BE0B]\nE       \t(No symbol) [0x00B4D1F2]\nE       \t(No symbol) [0x00B38024]\nE       \t(No symbol) [0x00B4B7A2]\nE       \t(No symbol) [0x00B37DD6]\nE       \t(No symbol) [0x00B131F6]\nE       \t(No symbol) [0x00B1439D]\nE       \tGetHandleVerifier [0x00F70716+3229462]\nE       \tGetHandleVerifier [0x00FB84C8+3523784]\nE       \tGetHandleVerifier [0x00FB214C+3498316]\nE       \tGetHandleVerifier [0x00CF1680+611968]\nE       \t(No symbol) [0x00BFCCCC]\nE       \t(No symbol) [0x00BF8DF8]\nE       \t(No symbol) [0x00BF8F1D]\nE       \t(No symbol) [0x00BEB2C7]\nE       \tBaseThreadInitThunk [0x75377BA9+25]\nE       \tRtlInitializeExceptionChain [0x76F0BD3B+107]\nE       \tRtlClearBits [0x76F0BCBF+191]\n\n..\\venv\\Lib\\site-packages\\selenium\\webdriver\\support\\wait.py:101: TimeoutException"}, "steps": [{"name": "Нажимаем на Личный кабинет", "status": "passed", "start": 1701874499267, "stop": 1701874499326}], "parameters": [{"name": "driver", "value": "'chrome'"}], "start": 1701874499267, "stop": 1701874509383, "uuid": "e280248f-6070-478d-b308-96627c156826", "historyId": "a016e650935ad9254864ec06d98b0c01", "testCaseId": "4aacf4dff365d909320142e4dc8aa933", "fullName": "test_personal_account.TestAccountProfilePage#test_go_to_personal_account", "labels": [{"name": "suite", "value": "test_personal_account"}, {"name": "subSuite", "value": "TestAccountProfilePage"}, {"name": "host", "value": "LAPTOP-6O4U7BT3"}, {"name": "thread", "value": "8456-MainThread"}, {"name": "framework", "value": "pytest"}, {"name": "language", "value": "cpython3"}, {"name": "package", "value": "test_personal_account"}]}